<?xml version="1.0" encoding="UTF-8"?>
<!-- Generated by org.testng.reporters.JUnitReportReporter -->
<testsuite hostname="sofanas-MacBook-Pro.local" failures="0" tests="2" name="JDBCTest.JDBCTest" time="0.200" errors="0" timestamp="08 Jan 2019 20:10:59 GMT" skipped="1">
  <testcase classname="JDBCTest.JDBCTest" name="DBUtilDynamic" time="0.200"/>
  <testcase classname="JDBCTest.JDBCTest" name="PostGreSQL">
    <skipped/>
  </testcase> <!-- PostGreSQL -->
</testsuite> <!-- JDBCTest.JDBCTest -->
